<?xml version="1.0" encoding="UTF-8"?>
<!-- Generated by org.testng.reporters.JUnitXMLReporter -->
<testsuite ignored="0" hostname="DESKTOP-N1F218A" failures="0" tests="1" name="Test" time="0.097" errors="0" timestamp="2023-08-17T20:47:33 IST">
  <testcase classname="Base.BaseClass" name="@BeforeClass LaunchApplication" time="-1.692285453703E9">
    <failure type="org.testng.TestNGException" message="
Parameter &amp;apos;browserName&amp;apos; is required by BeforeClass on method LaunchApplication but has not been marked @Optional or defined
in D:\03_Training\WorkSpaceGIT\STF\XMLFiles\testng.xml">
      <![CDATA[org.testng.TestNGException: 
Parameter 'browserName' is required by BeforeClass on method LaunchApplication but has not been marked @Optional or defined
in D:\03_Training\WorkSpaceGIT\STF\XMLFiles\testng.xml
at java.base/java.util.ArrayList.forEach(ArrayList.java:1511)
... Removed 22 stack frames]]>
    </failure>
  </testcase> <!-- @BeforeClass LaunchApplication -->
  <testcase classname="TestCases.TC1_CreateCustomer" name="@BeforeMethod setupDriver" time="-1.692285453738E9">
    <skipped/>
  </testcase> <!-- @BeforeMethod setupDriver -->
  <testcase classname="Base.BaseClass" name="@AfterClass CloseApplication" time="-1.692285453757E9">
    <skipped/>
  </testcase> <!-- @AfterClass CloseApplication -->
  <testcase classname="TestCases.TC1_CreateCustomer" name="CreateCustomers" time="0.0">
    <skipped/>
  </testcase> <!-- CreateCustomers -->
</testsuite> <!-- Test -->
