<?xml version="1.0" encoding="UTF-8"?>
<testng-results ignored="0" total="2" passed="1" failed="1" skipped="0">
  <reporter-output>
  </reporter-output>
  <suite started-at="2023-08-17T20:54:43 IST" name="AutomationExecution" finished-at="2023-08-17T20:56:08 IST" duration-ms="84886">
    <groups>
    </groups>
    <test started-at="2023-08-17T20:54:43 IST" name="ChromeTest" finished-at="2023-08-17T20:55:43 IST" duration-ms="59937">
      <class name="TestCases.TC1_CreateCustomer">
        <test-method is-config="true" signature="LaunchApplication(java.lang.String)[pri:0, instance:TestCases.TC1_CreateCustomer@5f9be66c]" started-at="2023-08-17T20:54:43 IST" name="LaunchApplication" finished-at="2023-08-17T20:54:59 IST" duration-ms="15805" status="PASS">
          <params>
            <param index="0">
              <value>
                <![CDATA[chrome]]>
              </value>
            </param>
          </params>
          <reporter-output>
          </reporter-output>
        </test-method> <!-- LaunchApplication -->
        <test-method is-config="true" signature="setupDriver()[pri:0, instance:TestCases.TC1_CreateCustomer@5f9be66c]" started-at="2023-08-17T20:54:59 IST" name="setupDriver" finished-at="2023-08-17T20:54:59 IST" duration-ms="0" status="PASS">
          <reporter-output>
          </reporter-output>
        </test-method> <!-- setupDriver -->
        <test-method signature="CreateCustomers()[pri:0, instance:TestCases.TC1_CreateCustomer@5f9be66c]" started-at="2023-08-17T20:54:59 IST" name="CreateCustomers" finished-at="2023-08-17T20:55:43 IST" duration-ms="44079" status="PASS">
          <reporter-output>
          </reporter-output>
        </test-method> <!-- CreateCustomers -->
        <test-method is-config="true" signature="CloseApplication()[pri:0, instance:TestCases.TC1_CreateCustomer@5f9be66c]" started-at="2023-08-17T20:55:43 IST" name="CloseApplication" finished-at="2023-08-17T20:55:43 IST" duration-ms="0" status="PASS">
          <reporter-output>
          </reporter-output>
        </test-method> <!-- CloseApplication -->
      </class> <!-- TestCases.TC1_CreateCustomer -->
    </test> <!-- ChromeTest -->
    <test started-at="2023-08-17T20:54:43 IST" name="EdgeTest" finished-at="2023-08-17T20:56:08 IST" duration-ms="84886">
      <class name="TestCases.TC1_CreateCustomer">
        <test-method is-config="true" signature="LaunchApplication(java.lang.String)[pri:0, instance:TestCases.TC1_CreateCustomer@45312be2]" started-at="2023-08-17T20:54:43 IST" name="LaunchApplication" finished-at="2023-08-17T20:55:01 IST" duration-ms="17468" status="PASS">
          <params>
            <param index="0">
              <value>
                <![CDATA[edge]]>
              </value>
            </param>
          </params>
          <reporter-output>
          </reporter-output>
        </test-method> <!-- LaunchApplication -->
        <test-method is-config="true" signature="setupDriver()[pri:0, instance:TestCases.TC1_CreateCustomer@45312be2]" started-at="2023-08-17T20:55:01 IST" name="setupDriver" finished-at="2023-08-17T20:55:01 IST" duration-ms="1" status="PASS">
          <reporter-output>
          </reporter-output>
        </test-method> <!-- setupDriver -->
        <test-method signature="CreateCustomers()[pri:0, instance:TestCases.TC1_CreateCustomer@45312be2]" started-at="2023-08-17T20:55:01 IST" name="CreateCustomers" finished-at="2023-08-17T20:56:08 IST" duration-ms="67113" status="FAIL">
          <exception class="org.openqa.selenium.NoSuchElementException">
            <message>
              <![CDATA[no such element: Unable to locate element: {"method":"xpath","selector":"//td[text()='Customer ID']//following::td[1]"}
  (Session info: MicrosoftEdge=115.0.1901.203)
For documentation on this error, please visit: https://www.selenium.dev/documentation/webdriver/troubleshooting/errors#no-such-element-exception
Build info: version: '4.11.0', revision: '040bc5406b'
System info: os.name: 'Windows 10', os.arch: 'amd64', os.version: '10.0', java.version: '17.0.7'
Driver info: org.openqa.selenium.edge.EdgeDriver
Command: [95f2e5a5baf75cdc40aafa1783059579, findElement {using=xpath, value=//td[text()='Customer ID']//following::td[1]}]
Capabilities {acceptInsecureCerts: false, browserName: msedge, browserVersion: 115.0.1901.203, ms:edgeOptions: {debuggerAddress: localhost:56988}, msedge: {msedgedriverVersion: 115.0.1901.203 (a5a2b1779bc..., userDataDir: C:\Windows\SystemTemp\scope...}, networkConnectionEnabled: false, pageLoadStrategy: normal, platformName: windows, proxy: Proxy(), se:cdp: ws://localhost:56988/devtoo..., se:cdpVersion: 115.0.1901.203, setWindowRect: true, strictFileInteractability: false, timeouts: {implicit: 0, pageLoad: 300000, script: 30000}, unhandledPromptBehavior: dismiss and notify, webauthn:extension:credBlob: true, webauthn:extension:largeBlob: true, webauthn:extension:minPinLength: true, webauthn:extension:prf: true, webauthn:virtualAuthenticators: true}
Session ID: 95f2e5a5baf75cdc40aafa1783059579]]>
            </message>
            <full-stacktrace>
              <![CDATA[org.openqa.selenium.NoSuchElementException: no such element: Unable to locate element: {"method":"xpath","selector":"//td[text()='Customer ID']//following::td[1]"}
  (Session info: MicrosoftEdge=115.0.1901.203)
For documentation on this error, please visit: https://www.selenium.dev/documentation/webdriver/troubleshooting/errors#no-such-element-exception
Build info: version: '4.11.0', revision: '040bc5406b'
System info: os.name: 'Windows 10', os.arch: 'amd64', os.version: '10.0', java.version: '17.0.7'
Driver info: org.openqa.selenium.edge.EdgeDriver
Command: [95f2e5a5baf75cdc40aafa1783059579, findElement {using=xpath, value=//td[text()='Customer ID']//following::td[1]}]
Capabilities {acceptInsecureCerts: false, browserName: msedge, browserVersion: 115.0.1901.203, ms:edgeOptions: {debuggerAddress: localhost:56988}, msedge: {msedgedriverVersion: 115.0.1901.203 (a5a2b1779bc..., userDataDir: C:\Windows\SystemTemp\scope...}, networkConnectionEnabled: false, pageLoadStrategy: normal, platformName: windows, proxy: Proxy(), se:cdp: ws://localhost:56988/devtoo..., se:cdpVersion: 115.0.1901.203, setWindowRect: true, strictFileInteractability: false, timeouts: {implicit: 0, pageLoad: 300000, script: 30000}, unhandledPromptBehavior: dismiss and notify, webauthn:extension:credBlob: true, webauthn:extension:largeBlob: true, webauthn:extension:minPinLength: true, webauthn:extension:prf: true, webauthn:virtualAuthenticators: true}
Session ID: 95f2e5a5baf75cdc40aafa1783059579
at java.base/jdk.internal.reflect.NativeConstructorAccessorImpl.newInstance0(Native Method)
at java.base/jdk.internal.reflect.NativeConstructorAccessorImpl.newInstance(NativeConstructorAccessorImpl.java:77)
at java.base/jdk.internal.reflect.DelegatingConstructorAccessorImpl.newInstance(DelegatingConstructorAccessorImpl.java:45)
at java.base/java.lang.reflect.Constructor.newInstanceWithCaller(Constructor.java:499)
at java.base/java.lang.reflect.Constructor.newInstance(Constructor.java:480)
at org.openqa.selenium.remote.codec.w3c.W3CHttpResponseCodec.createException(W3CHttpResponseCodec.java:200)
at org.openqa.selenium.remote.codec.w3c.W3CHttpResponseCodec.decode(W3CHttpResponseCodec.java:133)
at org.openqa.selenium.remote.codec.w3c.W3CHttpResponseCodec.decode(W3CHttpResponseCodec.java:52)
at org.openqa.selenium.remote.HttpCommandExecutor.execute(HttpCommandExecutor.java:191)
at org.openqa.selenium.remote.service.DriverCommandExecutor.invokeExecute(DriverCommandExecutor.java:196)
at org.openqa.selenium.remote.service.DriverCommandExecutor.execute(DriverCommandExecutor.java:171)
at org.openqa.selenium.remote.RemoteWebDriver.execute(RemoteWebDriver.java:518)
at org.openqa.selenium.remote.ElementLocation$ElementFinder$2.findElement(ElementLocation.java:165)
at org.openqa.selenium.remote.ElementLocation.findElement(ElementLocation.java:59)
at org.openqa.selenium.remote.RemoteWebDriver.findElement(RemoteWebDriver.java:355)
at org.openqa.selenium.remote.RemoteWebDriver.findElement(RemoteWebDriver.java:349)
at Pages.AddNewCustomer.GetCustomerIDFromCustomerRegisteredPage(AddNewCustomer.java:95)
at TestCases.TC1_CreateCustomer.CreateCustomers(TC1_CreateCustomer.java:63)
at java.base/jdk.internal.reflect.NativeMethodAccessorImpl.invoke0(Native Method)
at java.base/jdk.internal.reflect.NativeMethodAccessorImpl.invoke(NativeMethodAccessorImpl.java:77)
at java.base/jdk.internal.reflect.DelegatingMethodAccessorImpl.invoke(DelegatingMethodAccessorImpl.java:43)
at java.base/java.lang.reflect.Method.invoke(Method.java:568)
at org.testng.internal.MethodInvocationHelper.invokeMethod(MethodInvocationHelper.java:133)
at org.testng.internal.TestInvoker.invokeMethod(TestInvoker.java:598)
at org.testng.internal.TestInvoker.invokeTestMethod(TestInvoker.java:173)
at org.testng.internal.MethodRunner.runInSequence(MethodRunner.java:46)
at org.testng.internal.TestInvoker$MethodInvocationAgent.invoke(TestInvoker.java:824)
at org.testng.internal.TestInvoker.invokeTestMethods(TestInvoker.java:146)
at org.testng.internal.TestMethodWorker.invokeTestMethods(TestMethodWorker.java:146)
at org.testng.internal.TestMethodWorker.run(TestMethodWorker.java:128)
at java.base/java.util.ArrayList.forEach(ArrayList.java:1511)
at org.testng.TestRunner.privateRun(TestRunner.java:794)
at org.testng.TestRunner.run(TestRunner.java:596)
at org.testng.SuiteRunner.runTest(SuiteRunner.java:377)
at org.testng.SuiteRunner.access$000(SuiteRunner.java:28)
at org.testng.SuiteRunner$SuiteWorker.run(SuiteRunner.java:418)
at org.testng.internal.thread.ThreadUtil.lambda$execute$0(ThreadUtil.java:64)
at java.base/java.util.concurrent.FutureTask.run(FutureTask.java:264)
at java.base/java.util.concurrent.ThreadPoolExecutor.runWorker(ThreadPoolExecutor.java:1136)
at java.base/java.util.concurrent.ThreadPoolExecutor$Worker.run(ThreadPoolExecutor.java:635)
at java.base/java.lang.Thread.run(Thread.java:833)
]]>
            </full-stacktrace>
          </exception> <!-- org.openqa.selenium.NoSuchElementException -->
          <reporter-output>
          </reporter-output>
        </test-method> <!-- CreateCustomers -->
        <test-method is-config="true" signature="CloseApplication()[pri:0, instance:TestCases.TC1_CreateCustomer@45312be2]" started-at="2023-08-17T20:56:08 IST" name="CloseApplication" finished-at="2023-08-17T20:56:08 IST" duration-ms="0" status="PASS">
          <reporter-output>
          </reporter-output>
        </test-method> <!-- CloseApplication -->
      </class> <!-- TestCases.TC1_CreateCustomer -->
    </test> <!-- EdgeTest -->
  </suite> <!-- AutomationExecution -->
</testng-results>
